{"name":"Create and Delete Automation Process in Web Application","status":"broken","statusDetails":{"known":false,"muted":false,"flaky":false,"message":"Expected condition failed: waiting for element to be clickable: By.xpath: //button[@class='language-switcher' or @aria-label='LanguageTrigger'] (tried for 15 second(s) with 500 milliseconds interval)","trace":"org.openqa.selenium.TimeoutException: Expected condition failed: waiting for element to be clickable: By.xpath: //button[@class='language-switcher' or @aria-label='LanguageTrigger'] (tried for 15 second(s) with 500 milliseconds interval)\r\n\tat org.openqa.selenium.support.ui.WebDriverWait.timeoutException(WebDriverWait.java:95)\r\n\tat org.openqa.selenium.support.ui.FluentWait.until(FluentWait.java:272)\r\n\tat web.util.Wait.elementToBeClickable(Wait.java:121)\r\n\tat web.component.Button.lambda$click$0(Button.java:25)\r\n\tat web.util.Wait$1.apply(Wait.java:44)\r\n\tat web.util.Wait$1.apply(Wait.java:37)\r\n\tat org.openqa.selenium.support.ui.FluentWait.until(FluentWait.java:249)\r\n\tat web.util.Wait.functionPassed(Wait.java:37)\r\n\tat web.component.Button.click(Button.java:24)\r\n\tat web.screens.LoginScreen.chooseLanguageOnLogInPage(LoginScreen.java:47)\r\n\tat web.screens.LoginScreen.lambda$loginToAppFromFileWithUser$0(LoginScreen.java:34)\r\n\tat web.util.Wait$1.apply(Wait.java:44)\r\n\tat web.util.Wait$1.apply(Wait.java:37)\r\n\tat org.openqa.selenium.support.ui.FluentWait.until(FluentWait.java:249)\r\n\tat web.util.Wait.functionPassed(Wait.java:37)\r\n\tat web.screens.LoginScreen.loginToAppFromFileWithUser(LoginScreen.java:33)\r\n\tat web.steps.LoginSteps.loginToAppFromFileWithUser(LoginSteps.java:17)\r\n\tat ✽.I login to application with user \"admin\"(file:///C:/Users/MOROZOVA_JK/my-artifactId/src/test/resources/features/webApp/WebSample.feature:8)\r\nCaused by: org.openqa.selenium.NoSuchWindowException: no such window: target window already closed\nfrom unknown error: web view not found\n  (Session info: chrome=113.0.5672.93)\nBuild info: version: '3.141.59', revision: 'e82be7d358', time: '2018-11-14T08:17:03'\nSystem info: host: 'MOROZOVAT480S', ip: '172.20.97.153', os.name: 'Windows 10', os.arch: 'amd64', os.version: '10.0', java.version: '1.8.0_281'\nDriver info: org.openqa.selenium.chrome.ChromeDriver\nCapabilities {acceptInsecureCerts: false, browserName: chrome, browserVersion: 113.0.5672.93, chrome: {chromedriverVersion: 113.0.5672.63 (0e1a4471d5ae..., userDataDir: C:\\Program Files (x86)\\scop...}, goog:chromeOptions: {debuggerAddress: localhost:57464}, javascriptEnabled: true, networkConnectionEnabled: false, pageLoadStrategy: normal, platform: WINDOWS, platformName: WINDOWS, proxy: Proxy(), setWindowRect: true, strictFileInteractability: false, timeouts: {implicit: 0, pageLoad: 300000, script: 30000}, unhandledPromptBehavior: dismiss and notify, webauthn:extension:credBlob: true, webauthn:extension:largeBlob: true, webauthn:extension:minPinLength: true, webauthn:extension:prf: true, webauthn:virtualAuthenticators: true}\nSession ID: 72042390eb1e06cef1dc91850c08aff4\n*** Element info: {Using=xpath, value=//button[@class='language-switcher' or @aria-label='LanguageTrigger']}\r\n\tat sun.reflect.NativeConstructorAccessorImpl.newInstance0(Native Method)\r\n\tat sun.reflect.NativeConstructorAccessorImpl.newInstance(NativeConstructorAccessorImpl.java:62)\r\n\tat sun.reflect.DelegatingConstructorAccessorImpl.newInstance(DelegatingConstructorAccessorImpl.java:45)\r\n\tat java.lang.reflect.Constructor.newInstance(Constructor.java:423)\r\n\tat org.openqa.selenium.remote.http.W3CHttpResponseCodec.createException(W3CHttpResponseCodec.java:187)\r\n\tat org.openqa.selenium.remote.http.W3CHttpResponseCodec.decode(W3CHttpResponseCodec.java:122)\r\n\tat org.openqa.selenium.remote.http.W3CHttpResponseCodec.decode(W3CHttpResponseCodec.java:49)\r\n\tat org.openqa.selenium.remote.HttpCommandExecutor.execute(HttpCommandExecutor.java:158)\r\n\tat org.openqa.selenium.remote.service.DriverCommandExecutor.execute(DriverCommandExecutor.java:83)\r\n\tat org.openqa.selenium.remote.RemoteWebDriver.execute(RemoteWebDriver.java:552)\r\n\tat org.openqa.selenium.remote.RemoteWebDriver.findElement(RemoteWebDriver.java:323)\r\n\tat org.openqa.selenium.remote.RemoteWebDriver.findElementByXPath(RemoteWebDriver.java:428)\r\n\tat org.openqa.selenium.By$ByXPath.findElement(By.java:353)\r\n\tat org.openqa.selenium.remote.RemoteWebDriver.findElement(RemoteWebDriver.java:315)\r\n\tat eu.ibagroup.junase.web.test.WrappedWebDriver.findElement(WrappedWebDriver.java:47)\r\n\tat org.openqa.selenium.support.ui.ExpectedConditions$7.apply(ExpectedConditions.java:205)\r\n\tat org.openqa.selenium.support.ui.ExpectedConditions$7.apply(ExpectedConditions.java:201)\r\n\tat org.openqa.selenium.support.ui.ExpectedConditions$22.apply(ExpectedConditions.java:641)\r\n\tat org.openqa.selenium.support.ui.ExpectedConditions$22.apply(ExpectedConditions.java:638)\r\n\tat org.openqa.selenium.support.ui.FluentWait.until(FluentWait.java:249)\r\n\tat web.util.Wait.elementToBeClickable(Wait.java:121)\r\n\tat web.component.Button.lambda$click$0(Button.java:25)\r\n\tat web.util.Wait$1.apply(Wait.java:44)\r\n\tat web.util.Wait$1.apply(Wait.java:37)\r\n\tat org.openqa.selenium.support.ui.FluentWait.until(FluentWait.java:249)\r\n\tat web.util.Wait.functionPassed(Wait.java:37)\r\n\tat web.component.Button.click(Button.java:24)\r\n\tat web.screens.LoginScreen.chooseLanguageOnLogInPage(LoginScreen.java:47)\r\n\tat web.screens.LoginScreen.lambda$loginToAppFromFileWithUser$0(LoginScreen.java:34)\r\n\tat web.util.Wait$1.apply(Wait.java:44)\r\n\tat web.util.Wait$1.apply(Wait.java:37)\r\n\tat org.openqa.selenium.support.ui.FluentWait.until(FluentWait.java:249)\r\n\tat web.util.Wait.functionPassed(Wait.java:37)\r\n\tat web.screens.LoginScreen.loginToAppFromFileWithUser(LoginScreen.java:33)\r\n\tat web.steps.LoginSteps.loginToAppFromFileWithUser(LoginSteps.java:17)\r\n\tat sun.reflect.NativeMethodAccessorImpl.invoke0(Native Method)\r\n\tat sun.reflect.NativeMethodAccessorImpl.invoke(NativeMethodAccessorImpl.java:62)\r\n\tat sun.reflect.DelegatingMethodAccessorImpl.invoke(DelegatingMethodAccessorImpl.java:43)\r\n\tat java.lang.reflect.Method.invoke(Method.java:498)\r\n\tat io.cucumber.java.Invoker.invoke(Invoker.java:27)\r\n\tat io.cucumber.java.JavaStepDefinition.execute(JavaStepDefinition.java:27)\r\n\tat io.cucumber.core.runner.PickleStepDefinitionMatch.runStep(PickleStepDefinitionMatch.java:63)\r\n\tat io.cucumber.core.runner.TestStep.executeStep(TestStep.java:64)\r\n\tat io.cucumber.core.runner.TestStep.run(TestStep.java:49)\r\n\tat io.cucumber.core.runner.PickleStepTestStep.run(PickleStepTestStep.java:46)\r\n\tat io.cucumber.core.runner.TestCase.run(TestCase.java:51)\r\n\tat io.cucumber.core.runner.Runner.runPickle(Runner.java:67)\r\n\tat io.cucumber.junit.PickleRunners$NoStepDescriptions.run(PickleRunners.java:149)\r\n\tat io.cucumber.junit.FeatureRunner.runChild(FeatureRunner.java:83)\r\n\tat io.cucumber.junit.FeatureRunner.runChild(FeatureRunner.java:24)\r\n\tat org.junit.runners.ParentRunner$3.run(ParentRunner.java:290)\r\n\tat org.junit.runners.ParentRunner$1.schedule(ParentRunner.java:71)\r\n\tat org.junit.runners.ParentRunner.runChildren(ParentRunner.java:288)\r\n\tat org.junit.runners.ParentRunner.access$000(ParentRunner.java:58)\r\n\tat org.junit.runners.ParentRunner$2.evaluate(ParentRunner.java:268)\r\n\tat org.junit.runners.ParentRunner.run(ParentRunner.java:363)\r\n\tat io.cucumber.junit.Cucumber.runChild(Cucumber.java:185)\r\n\tat io.cucumber.junit.Cucumber.runChild(Cucumber.java:83)\r\n\tat org.junit.runners.ParentRunner$3.run(ParentRunner.java:290)\r\n\tat org.junit.runners.ParentRunner$1.schedule(ParentRunner.java:71)\r\n\tat org.junit.runners.ParentRunner.runChildren(ParentRunner.java:288)\r\n\tat org.junit.runners.ParentRunner.access$000(ParentRunner.java:58)\r\n\tat org.junit.runners.ParentRunner$2.evaluate(ParentRunner.java:268)\r\n\tat io.cucumber.junit.Cucumber$RunCucumber.evaluate(Cucumber.java:219)\r\n\tat org.junit.runners.ParentRunner.run(ParentRunner.java:363)\r\n\tat org.junit.runner.JUnitCore.run(JUnitCore.java:137)\r\n\tat com.intellij.junit4.JUnit4IdeaTestRunner.startRunnerWithArgs(JUnit4IdeaTestRunner.java:69)\r\n\tat com.intellij.rt.junit.IdeaTestRunner$Repeater$1.execute(IdeaTestRunner.java:38)\r\n\tat com.intellij.rt.execution.junit.TestsRepeater.repeat(TestsRepeater.java:11)\r\n\tat com.intellij.rt.junit.IdeaTestRunner$Repeater.startRunnerWithArgs(IdeaTestRunner.java:35)\r\n\tat com.intellij.rt.junit.JUnitStarter.prepareStreamsAndStart(JUnitStarter.java:235)\r\n\tat com.intellij.rt.junit.JUnitStarter.main(JUnitStarter.java:54)\r\n"},"stage":"finished","description":"  As a user\n  I want to create Automation Process in Web Application, and then delete\n  So that the Automation Process is successfully created and deleted","steps":[{"name":"Given  I login to application with user \"admin\"","status":"broken","statusDetails":{"known":false,"muted":false,"flaky":false,"message":"Expected condition failed: waiting for element to be clickable: By.xpath: //button[@class='language-switcher' or @aria-label='LanguageTrigger'] (tried for 15 second(s) with 500 milliseconds interval)","trace":"org.openqa.selenium.TimeoutException: Expected condition failed: waiting for element to be clickable: By.xpath: //button[@class='language-switcher' or @aria-label='LanguageTrigger'] (tried for 15 second(s) with 500 milliseconds interval)\r\n\tat org.openqa.selenium.support.ui.WebDriverWait.timeoutException(WebDriverWait.java:95)\r\n\tat org.openqa.selenium.support.ui.FluentWait.until(FluentWait.java:272)\r\n\tat web.util.Wait.elementToBeClickable(Wait.java:121)\r\n\tat web.component.Button.lambda$click$0(Button.java:25)\r\n\tat web.util.Wait$1.apply(Wait.java:44)\r\n\tat web.util.Wait$1.apply(Wait.java:37)\r\n\tat org.openqa.selenium.support.ui.FluentWait.until(FluentWait.java:249)\r\n\tat web.util.Wait.functionPassed(Wait.java:37)\r\n\tat web.component.Button.click(Button.java:24)\r\n\tat web.screens.LoginScreen.chooseLanguageOnLogInPage(LoginScreen.java:47)\r\n\tat web.screens.LoginScreen.lambda$loginToAppFromFileWithUser$0(LoginScreen.java:34)\r\n\tat web.util.Wait$1.apply(Wait.java:44)\r\n\tat web.util.Wait$1.apply(Wait.java:37)\r\n\tat org.openqa.selenium.support.ui.FluentWait.until(FluentWait.java:249)\r\n\tat web.util.Wait.functionPassed(Wait.java:37)\r\n\tat web.screens.LoginScreen.loginToAppFromFileWithUser(LoginScreen.java:33)\r\n\tat web.steps.LoginSteps.loginToAppFromFileWithUser(LoginSteps.java:17)\r\n\tat ✽.I login to application with user \"admin\"(file:///C:/Users/MOROZOVA_JK/my-artifactId/src/test/resources/features/webApp/WebSample.feature:8)\r\nCaused by: org.openqa.selenium.NoSuchWindowException: no such window: target window already closed\nfrom unknown error: web view not found\n  (Session info: chrome=113.0.5672.93)\nBuild info: version: '3.141.59', revision: 'e82be7d358', time: '2018-11-14T08:17:03'\nSystem info: host: 'MOROZOVAT480S', ip: '172.20.97.153', os.name: 'Windows 10', os.arch: 'amd64', os.version: '10.0', java.version: '1.8.0_281'\nDriver info: org.openqa.selenium.chrome.ChromeDriver\nCapabilities {acceptInsecureCerts: false, browserName: chrome, browserVersion: 113.0.5672.93, chrome: {chromedriverVersion: 113.0.5672.63 (0e1a4471d5ae..., userDataDir: C:\\Program Files (x86)\\scop...}, goog:chromeOptions: {debuggerAddress: localhost:57464}, javascriptEnabled: true, networkConnectionEnabled: false, pageLoadStrategy: normal, platform: WINDOWS, platformName: WINDOWS, proxy: Proxy(), setWindowRect: true, strictFileInteractability: false, timeouts: {implicit: 0, pageLoad: 300000, script: 30000}, unhandledPromptBehavior: dismiss and notify, webauthn:extension:credBlob: true, webauthn:extension:largeBlob: true, webauthn:extension:minPinLength: true, webauthn:extension:prf: true, webauthn:virtualAuthenticators: true}\nSession ID: 72042390eb1e06cef1dc91850c08aff4\n*** Element info: {Using=xpath, value=//button[@class='language-switcher' or @aria-label='LanguageTrigger']}\r\n\tat sun.reflect.NativeConstructorAccessorImpl.newInstance0(Native Method)\r\n\tat sun.reflect.NativeConstructorAccessorImpl.newInstance(NativeConstructorAccessorImpl.java:62)\r\n\tat sun.reflect.DelegatingConstructorAccessorImpl.newInstance(DelegatingConstructorAccessorImpl.java:45)\r\n\tat java.lang.reflect.Constructor.newInstance(Constructor.java:423)\r\n\tat org.openqa.selenium.remote.http.W3CHttpResponseCodec.createException(W3CHttpResponseCodec.java:187)\r\n\tat org.openqa.selenium.remote.http.W3CHttpResponseCodec.decode(W3CHttpResponseCodec.java:122)\r\n\tat org.openqa.selenium.remote.http.W3CHttpResponseCodec.decode(W3CHttpResponseCodec.java:49)\r\n\tat org.openqa.selenium.remote.HttpCommandExecutor.execute(HttpCommandExecutor.java:158)\r\n\tat org.openqa.selenium.remote.service.DriverCommandExecutor.execute(DriverCommandExecutor.java:83)\r\n\tat org.openqa.selenium.remote.RemoteWebDriver.execute(RemoteWebDriver.java:552)\r\n\tat org.openqa.selenium.remote.RemoteWebDriver.findElement(RemoteWebDriver.java:323)\r\n\tat org.openqa.selenium.remote.RemoteWebDriver.findElementByXPath(RemoteWebDriver.java:428)\r\n\tat org.openqa.selenium.By$ByXPath.findElement(By.java:353)\r\n\tat org.openqa.selenium.remote.RemoteWebDriver.findElement(RemoteWebDriver.java:315)\r\n\tat eu.ibagroup.junase.web.test.WrappedWebDriver.findElement(WrappedWebDriver.java:47)\r\n\tat org.openqa.selenium.support.ui.ExpectedConditions$7.apply(ExpectedConditions.java:205)\r\n\tat org.openqa.selenium.support.ui.ExpectedConditions$7.apply(ExpectedConditions.java:201)\r\n\tat org.openqa.selenium.support.ui.ExpectedConditions$22.apply(ExpectedConditions.java:641)\r\n\tat org.openqa.selenium.support.ui.ExpectedConditions$22.apply(ExpectedConditions.java:638)\r\n\tat org.openqa.selenium.support.ui.FluentWait.until(FluentWait.java:249)\r\n\tat web.util.Wait.elementToBeClickable(Wait.java:121)\r\n\tat web.component.Button.lambda$click$0(Button.java:25)\r\n\tat web.util.Wait$1.apply(Wait.java:44)\r\n\tat web.util.Wait$1.apply(Wait.java:37)\r\n\tat org.openqa.selenium.support.ui.FluentWait.until(FluentWait.java:249)\r\n\tat web.util.Wait.functionPassed(Wait.java:37)\r\n\tat web.component.Button.click(Button.java:24)\r\n\tat web.screens.LoginScreen.chooseLanguageOnLogInPage(LoginScreen.java:47)\r\n\tat web.screens.LoginScreen.lambda$loginToAppFromFileWithUser$0(LoginScreen.java:34)\r\n\tat web.util.Wait$1.apply(Wait.java:44)\r\n\tat web.util.Wait$1.apply(Wait.java:37)\r\n\tat org.openqa.selenium.support.ui.FluentWait.until(FluentWait.java:249)\r\n\tat web.util.Wait.functionPassed(Wait.java:37)\r\n\tat web.screens.LoginScreen.loginToAppFromFileWithUser(LoginScreen.java:33)\r\n\tat web.steps.LoginSteps.loginToAppFromFileWithUser(LoginSteps.java:17)\r\n\tat sun.reflect.NativeMethodAccessorImpl.invoke0(Native Method)\r\n\tat sun.reflect.NativeMethodAccessorImpl.invoke(NativeMethodAccessorImpl.java:62)\r\n\tat sun.reflect.DelegatingMethodAccessorImpl.invoke(DelegatingMethodAccessorImpl.java:43)\r\n\tat java.lang.reflect.Method.invoke(Method.java:498)\r\n\tat io.cucumber.java.Invoker.invoke(Invoker.java:27)\r\n\tat io.cucumber.java.JavaStepDefinition.execute(JavaStepDefinition.java:27)\r\n\tat io.cucumber.core.runner.PickleStepDefinitionMatch.runStep(PickleStepDefinitionMatch.java:63)\r\n\tat io.cucumber.core.runner.TestStep.executeStep(TestStep.java:64)\r\n\tat io.cucumber.core.runner.TestStep.run(TestStep.java:49)\r\n\tat io.cucumber.core.runner.PickleStepTestStep.run(PickleStepTestStep.java:46)\r\n\tat io.cucumber.core.runner.TestCase.run(TestCase.java:51)\r\n\tat io.cucumber.core.runner.Runner.runPickle(Runner.java:67)\r\n\tat io.cucumber.junit.PickleRunners$NoStepDescriptions.run(PickleRunners.java:149)\r\n\tat io.cucumber.junit.FeatureRunner.runChild(FeatureRunner.java:83)\r\n\tat io.cucumber.junit.FeatureRunner.runChild(FeatureRunner.java:24)\r\n\tat org.junit.runners.ParentRunner$3.run(ParentRunner.java:290)\r\n\tat org.junit.runners.ParentRunner$1.schedule(ParentRunner.java:71)\r\n\tat org.junit.runners.ParentRunner.runChildren(ParentRunner.java:288)\r\n\tat org.junit.runners.ParentRunner.access$000(ParentRunner.java:58)\r\n\tat org.junit.runners.ParentRunner$2.evaluate(ParentRunner.java:268)\r\n\tat org.junit.runners.ParentRunner.run(ParentRunner.java:363)\r\n\tat io.cucumber.junit.Cucumber.runChild(Cucumber.java:185)\r\n\tat io.cucumber.junit.Cucumber.runChild(Cucumber.java:83)\r\n\tat org.junit.runners.ParentRunner$3.run(ParentRunner.java:290)\r\n\tat org.junit.runners.ParentRunner$1.schedule(ParentRunner.java:71)\r\n\tat org.junit.runners.ParentRunner.runChildren(ParentRunner.java:288)\r\n\tat org.junit.runners.ParentRunner.access$000(ParentRunner.java:58)\r\n\tat org.junit.runners.ParentRunner$2.evaluate(ParentRunner.java:268)\r\n\tat io.cucumber.junit.Cucumber$RunCucumber.evaluate(Cucumber.java:219)\r\n\tat org.junit.runners.ParentRunner.run(ParentRunner.java:363)\r\n\tat org.junit.runner.JUnitCore.run(JUnitCore.java:137)\r\n\tat com.intellij.junit4.JUnit4IdeaTestRunner.startRunnerWithArgs(JUnit4IdeaTestRunner.java:69)\r\n\tat com.intellij.rt.junit.IdeaTestRunner$Repeater$1.execute(IdeaTestRunner.java:38)\r\n\tat com.intellij.rt.execution.junit.TestsRepeater.repeat(TestsRepeater.java:11)\r\n\tat com.intellij.rt.junit.IdeaTestRunner$Repeater.startRunnerWithArgs(IdeaTestRunner.java:35)\r\n\tat com.intellij.rt.junit.JUnitStarter.prepareStreamsAndStart(JUnitStarter.java:235)\r\n\tat com.intellij.rt.junit.JUnitStarter.main(JUnitStarter.java:54)\r\n"},"stage":"finished","steps":[],"attachments":[],"parameters":[],"start":1684329305901,"stop":1684329321031},{"name":"When  I navigate to screen Automation Processes","status":"skipped","statusDetails":{"known":false,"muted":false,"flaky":false},"stage":"finished","steps":[],"attachments":[],"parameters":[],"start":1684329321033,"stop":1684329321035},{"name":"Then  I assert I am on screen Automation Processes","status":"skipped","statusDetails":{"known":false,"muted":false,"flaky":false},"stage":"finished","steps":[],"attachments":[],"parameters":[],"start":1684329321036,"stop":1684329321036},{"name":"When  I click button CREATE NEW on screen Automation Processes","status":"skipped","statusDetails":{"known":false,"muted":false,"flaky":false},"stage":"finished","steps":[],"attachments":[],"parameters":[],"start":1684329321037,"stop":1684329321037},{"name":"Then  I assert I am on screen New Automation Process","status":"skipped","statusDetails":{"known":false,"muted":false,"flaky":false},"stage":"finished","steps":[],"attachments":[],"parameters":[],"start":1684329321038,"stop":1684329321038},{"name":"When  I set Name \"TEST Automation Process\" on screen New Automation Process","status":"skipped","statusDetails":{"known":false,"muted":false,"flaky":false},"stage":"finished","steps":[],"attachments":[],"parameters":[],"start":1684329321038,"stop":1684329321039},{"name":"And  I set Group Id \"com.iba.samples.ap\" on screen New Automation Process","status":"skipped","statusDetails":{"known":false,"muted":false,"flaky":false},"stage":"finished","steps":[],"attachments":[],"parameters":[],"start":1684329321039,"stop":1684329321040},{"name":"And  I set Artifact Id \"kanclerrpa-invoiceplane-ap\" on screen New Automation Process","status":"skipped","statusDetails":{"known":false,"muted":false,"flaky":false},"stage":"finished","steps":[],"attachments":[],"parameters":[],"start":1684329321040,"stop":1684329321041},{"name":"And  I set Version Id \"2.6.0-SNAPSHOT\" on screen New Automation Process","status":"skipped","statusDetails":{"known":false,"muted":false,"flaky":false},"stage":"finished","steps":[],"attachments":[],"parameters":[],"start":1684329321041,"stop":1684329321042},{"name":"And  I click button CREATE NEW on screen New Automation Process","status":"skipped","statusDetails":{"known":false,"muted":false,"flaky":false},"stage":"finished","steps":[],"attachments":[],"parameters":[],"start":1684329321042,"stop":1684329321043},{"name":"Then  I assert I am on screen Automation Process Details","status":"skipped","statusDetails":{"known":false,"muted":false,"flaky":false},"stage":"finished","steps":[],"attachments":[],"parameters":[],"start":1684329321043,"stop":1684329321044},{"name":"When  I click Back to list on screen Automation Process Details","status":"skipped","statusDetails":{"known":false,"muted":false,"flaky":false},"stage":"finished","steps":[],"attachments":[],"parameters":[],"start":1684329321044,"stop":1684329321045},{"name":"Then  I assert I am on screen Automation Processes","status":"skipped","statusDetails":{"known":false,"muted":false,"flaky":false},"stage":"finished","steps":[],"attachments":[],"parameters":[],"start":1684329321045,"stop":1684329321045},{"name":"When  I set Filter by text \"TEST Automation Process\" on screen Automation Processes","status":"skipped","statusDetails":{"known":false,"muted":false,"flaky":false},"stage":"finished","steps":[],"attachments":[],"parameters":[],"start":1684329321046,"stop":1684329321046},{"name":"Then  I assert table has 1 rows on screen Automation Processes","status":"skipped","statusDetails":{"known":false,"muted":false,"flaky":false},"stage":"finished","steps":[],"attachments":[],"parameters":[],"start":1684329321046,"stop":1684329321047},{"name":"When  I check checkbox in header in table on screen Automation Processes","status":"skipped","statusDetails":{"known":false,"muted":false,"flaky":false},"stage":"finished","steps":[],"attachments":[],"parameters":[],"start":1684329321047,"stop":1684329321048},{"name":"And  I click button Delete on screen Automation Processes","status":"skipped","statusDetails":{"known":false,"muted":false,"flaky":false},"stage":"finished","steps":[],"attachments":[],"parameters":[],"start":1684329321048,"stop":1684329321048},{"name":"And  I assert message \"Are you sure you want to delete selected automation process?\" is displayed on dialog on screen Automation Processes","status":"skipped","statusDetails":{"known":false,"muted":false,"flaky":false},"stage":"finished","steps":[],"attachments":[],"parameters":[],"start":1684329321049,"stop":1684329321049},{"name":"When  I click button Delete on dialog on screen Automation Processes","status":"skipped","statusDetails":{"known":false,"muted":false,"flaky":false},"stage":"finished","steps":[],"attachments":[],"parameters":[],"start":1684329321050,"stop":1684329321050},{"name":"And  I assert table is empty on screen Automation Processes","status":"skipped","statusDetails":{"known":false,"muted":false,"flaky":false},"stage":"finished","steps":[],"attachments":[],"parameters":[],"start":1684329321051,"stop":1684329321051}],"attachments":[],"parameters":[{"name":"username","value":"admin"},{"name":"ap name","value":"TEST Automation Process"},{"name":"ap group id","value":"com.iba.samples.ap"},{"name":"ap artifact id","value":"kanclerrpa-invoiceplane-ap"},{"name":"ap version id","value":"2.6.0-SNAPSHOT"}],"start":1684329299291,"stop":1684329321064,"uuid":"423557d8-5f8c-45f5-9640-dfd219b8539c","historyId":"6387a95e4ba13c1e867fe3c7195f17e0","fullName":"Web Demo - Create and Delete Automation Process in Web Application: Create and Delete Automation Process in Web Application","labels":[{"name":"tag","value":"web"},{"name":"tag","value":"test"},{"name":"host","value":"MOROZOVAT480S"},{"name":"thread","value":"17760@MOROZOVAT480S.main(1)"},{"name":"feature","value":"Web Demo - Create and Delete Automation Process in Web Application"},{"name":"story","value":"Create and Delete Automation Process in Web Application"},{"name":"suite","value":"Web Demo - Create and Delete Automation Process in Web Application"},{"name":"testClass","value":"Create and Delete Automation Process in Web Application"},{"name":"framework","value":"cucumber4jvm"},{"name":"language","value":"java"},{"name":"gherkin_uri","value":"file:///C:/Users/MOROZOVA_JK/my-artifactId/src/test/resources/features/webApp/WebSample.feature"},{"name":"package","value":"src.test.resources.features.webApp.WebSample_feature.Web Demo - Create and Delete Automation Process in Web Application"}],"links":[]}